
Showing logs for build [32mcb-kubecd-environment-pr-208-42-6kdt5-1[0m stage [32mfrom-build-pack[0m and container [32mstep-credential-initializer-w2jbl[0m
{"level":"info","ts":1587690016.455181,"logger":"fallback-logger","caller":"logging/config.go:69","msg":"Fetch GitHub commit ID from kodata failed: open /var/run/ko/refs/heads/0.8.0-ns-support: no such file or directory"}
{"level":"info","ts":1587690016.4561393,"logger":"fallback-logger","caller":"creds-init/main.go:40","msg":"Credentials initialized."}

Showing logs for build [32mcb-kubecd-environment-pr-208-42-6kdt5-1[0m stage [32mfrom-build-pack[0m and container [32mstep-working-dir-initializer-c9vtk[0m
{"level":"info","ts":1587690017.5673995,"logger":"fallback-logger","caller":"logging/config.go:69","msg":"Fetch GitHub commit ID from kodata failed: open /var/run/ko/HEAD: no such file or directory"}
{"level":"info","ts":1587690017.5746846,"logger":"fallback-logger","caller":"bash/main.go:64","msg":"Successfully executed command \"sh -c mkdir -p /workspace/source\"; output "}

Showing logs for build [32mcb-kubecd-environment-pr-208-42-6kdt5-1[0m stage [32mfrom-build-pack[0m and container [32mstep-place-tools[0m

Showing logs for build [32mcb-kubecd-environment-pr-208-42-6kdt5-1[0m stage [32mfrom-build-pack[0m and container [32mstep-git-source-cb-kubecd-environment-pr-208-42-6kdt5-dm5bf[0m
{"level":"info","ts":1587690020.6441774,"logger":"fallback-logger","caller":"logging/config.go:69","msg":"Fetch GitHub commit ID from kodata failed: open /var/run/ko/refs/heads/0.8.0-ns-support: no such file or directory"}
{"level":"info","ts":1587690021.7120872,"logger":"fallback-logger","caller":"git/git.go:103","msg":"Successfully cloned https://github.com/cb-kubecd/environment-pr-208-42-boot-vault-gke-production.git @ master in path /workspace/source"}

Showing logs for build [32mcb-kubecd-environment-pr-208-42-6kdt5-1[0m stage [32mfrom-build-pack[0m and container [32mstep-git-merge[0m
Using SHAs from PULL_REFS=master:d7f1dbdfc5b23780a56887087a59ba61c539b668,1:9d045f03d1265ac4d82e1fcecc1fd077e356ad9b
DEBUG: LC_ALL=C JX_LOG_LEVEL=error git fetch origin --unshallow 9d045f03d1265ac4d82e1fcecc1fd077e356ad9b: d7f1dbdfc5b23780a56887087a59ba61c539b668:
DEBUG: ran git fetch --unshallow origin 9d045f03d1265ac4d82e1fcecc1fd077e356ad9b: d7f1dbdfc5b23780a56887087a59ba61c539b668: in 
DEBUG: LC_ALL=C JX_LOG_LEVEL=error git branch
DEBUG: LC_ALL=C JX_LOG_LEVEL=error git checkout master
DEBUG: ran git checkout master in 
DEBUG: JX_LOG_LEVEL=error LC_ALL=C git reset --hard d7f1dbdfc5b23780a56887087a59ba61c539b668
DEBUG: ran git reset --hard d7f1dbdfc5b23780a56887087a59ba61c539b668 in 
DEBUG: LC_ALL=C JX_LOG_LEVEL=error git clean -fd .
DEBUG: ran clean --force -d . in 
DEBUG: LC_ALL=C JX_LOG_LEVEL=error git merge 9d045f03d1265ac4d82e1fcecc1fd077e356ad9b
DEBUG: ran git merge 9d045f03d1265ac4d82e1fcecc1fd077e356ad9b in 
DEBUG: JX_LOG_LEVEL=error LC_ALL=C git log --format=%H%x1f%an%x1f%ae%x1f%cn%x1f%ce%x1f%s%n%b%x1e d7f1dbdfc5b23780a56887087a59ba61c539b668..HEAD
Merged SHA 9d045f03d1265ac4d82e1fcecc1fd077e356ad9b with commit message 'chore: Promote bdd-spring-1587688490 to version 0.0.1' into base branch master

Showing logs for build [32mcb-kubecd-environment-pr-208-42-6kdt5-1[0m stage [32mfrom-build-pack[0m and container [32mstep-build-helm-build[0m
WARNING: No $CHART_REPOSITORY defined so using the default value of: http://jenkins-x-chartmuseum:8080
Adding missing Helm repo: storage.googleapis.com https://storage.googleapis.com/chartmuseum.jenkins-x.io
WARNING: No secrets found on "helm/repos" due: reading the secret "helm/repos" from vault: no secret "helm/repos" not found in vault
Read credentials for https://storage.googleapis.com/chartmuseum.jenkins-x.io from vault helm/repos
Successfully added Helm repository storage.googleapis.com.
Adding missing Helm repo: jenkins-x-chartmuseum http://jenkins-x-chartmuseum:8080
WARNING: No secrets found on "helm/repos" due: reading the secret "helm/repos" from vault: no secret "helm/repos" not found in vault
Read credentials for http://jenkins-x-chartmuseum:8080 from vault helm/repos
Successfully added Helm repository jenkins-x-chartmuseum.
WARNING: No $CHART_REPOSITORY defined so using the default value of: http://jenkins-x-chartmuseum:8080
Adding missing Helm repo: chartmuseum.jenkins-x.io http://chartmuseum.jenkins-x.io
WARNING: No secrets found on "helm/repos" due: reading the secret "helm/repos" from vault: no secret "helm/repos" not found in vault
Read credentials for http://chartmuseum.jenkins-x.io from vault helm/repos
Successfully added Helm repository chartmuseum.jenkins-x.io.
